<?xml version="1.0" encoding="UTF-8"?>
<testng-results ignored="0" total="1" passed="1" failed="0" skipped="0">
  <reporter-output>
  </reporter-output>
  <suite started-at="2023-02-07T22:29:46 IST" name="Default suite" finished-at="2023-02-07T22:29:46 IST" duration-ms="26">
    <groups>
    </groups>
    <test started-at="2023-02-07T22:29:46 IST" name="Default test" finished-at="2023-02-07T22:29:46 IST" duration-ms="26">
      <class name="n_BasicTextScript.b07_02_05_ToSendMailAndToVerify">
        <test-method is-config="true" signature="bsConfig()[pri:0, instance:n_BasicTextScript.b07_02_05_ToSendMailAndToVerify@2053d869]" started-at="2023-02-07T22:29:46 IST" name="bsConfig" finished-at="2023-02-07T22:29:46 IST" duration-ms="5" status="PASS">
          <reporter-output>
          </reporter-output>
        </test-method> <!-- bsConfig -->
        <test-method is-config="true" signature="bcConfig()[pri:0, instance:n_BasicTextScript.b07_02_05_ToSendMailAndToVerify@2053d869]" started-at="2023-02-07T22:29:46 IST" name="bcConfig" finished-at="2023-02-07T22:29:46 IST" duration-ms="1" status="PASS">
          <reporter-output>
          </reporter-output>
        </test-method> <!-- bcConfig -->
        <test-method is-config="true" signature="bmConfig()[pri:0, instance:n_BasicTextScript.b07_02_05_ToSendMailAndToVerify@2053d869]" started-at="2023-02-07T22:29:46 IST" name="bmConfig" finished-at="2023-02-07T22:29:46 IST" duration-ms="0" status="PASS">
          <reporter-output>
          </reporter-output>
        </test-method> <!-- bmConfig -->
        <test-method signature="sendMailAndVerify()[pri:0, instance:n_BasicTextScript.b07_02_05_ToSendMailAndToVerify@2053d869]" started-at="2023-02-07T22:29:46 IST" name="sendMailAndVerify" finished-at="2023-02-07T22:29:46 IST" duration-ms="4" status="PASS">
          <reporter-output>
          </reporter-output>
        </test-method> <!-- sendMailAndVerify -->
        <test-method is-config="true" signature="amConfig()[pri:0, instance:n_BasicTextScript.b07_02_05_ToSendMailAndToVerify@2053d869]" started-at="2023-02-07T22:29:46 IST" name="amConfig" finished-at="2023-02-07T22:29:46 IST" duration-ms="0" status="PASS">
          <reporter-output>
          </reporter-output>
        </test-method> <!-- amConfig -->
        <test-method is-config="true" signature="acConfig()[pri:0, instance:n_BasicTextScript.b07_02_05_ToSendMailAndToVerify@2053d869]" started-at="2023-02-07T22:29:46 IST" name="acConfig" finished-at="2023-02-07T22:29:46 IST" duration-ms="0" status="PASS">
          <reporter-output>
          </reporter-output>
        </test-method> <!-- acConfig -->
        <test-method is-config="true" signature="asConfig()[pri:0, instance:n_BasicTextScript.b07_02_05_ToSendMailAndToVerify@2053d869]" started-at="2023-02-07T22:29:46 IST" name="asConfig" finished-at="2023-02-07T22:29:46 IST" duration-ms="0" status="PASS">
          <reporter-output>
          </reporter-output>
        </test-method> <!-- asConfig -->
      </class> <!-- n_BasicTextScript.b07_02_05_ToSendMailAndToVerify -->
    </test> <!-- Default test -->
  </suite> <!-- Default suite -->
</testng-results>
